0 info it worked if it ends with ok
1 verbose cli [ '/usr/bin/node', '/usr/bin/npm', 'install', '-g', '@babel/node' ]
2 info using npm@3.5.2
3 info using node@v8.10.0
4 silly loadCurrentTree Starting
5 silly install loadCurrentTree
6 silly install readGlobalPackageData
7 silly fetchPackageMetaData @babel/node
8 silly fetchNamedPackageData @babel/node
9 silly mapToRegistry name @babel/node
10 silly mapToRegistry scope (from package name) @babel
11 verbose mapToRegistry no registry URL found in name for scope @babel
12 silly mapToRegistry using default registry
13 silly mapToRegistry registry https://registry.npmjs.org/
14 silly mapToRegistry uri https://registry.npmjs.org/@babel%2fnode
15 verbose request uri https://registry.npmjs.org/@babel%2fnode
16 verbose request no auth needed
17 info attempt registry request try #1 at 6:40:24 AM
18 verbose request id ebdd970b098f1c26
19 http request GET https://registry.npmjs.org/@babel%2fnode
20 http 200 https://registry.npmjs.org/@babel%2fnode
21 verbose headers { date: 'Tue, 14 Jan 2025 06:40:24 GMT',
21 verbose headers   'content-type': 'application/json',
21 verbose headers   'transfer-encoding': 'chunked',
21 verbose headers   connection: 'keep-alive',
21 verbose headers   'cf-ray': '901ba26ade7a8274-IAD',
21 verbose headers   'cf-cache-status': 'HIT',
21 verbose headers   'access-control-allow-origin': '*',
21 verbose headers   age: '298',
21 verbose headers   'cache-control': 'public, max-age=300',
21 verbose headers   etag: 'W/"d3f9cc19693cd27e7b75083605d33006"',
21 verbose headers   'last-modified': 'Fri, 10 Jan 2025 17:24:06 GMT',
21 verbose headers   vary: 'accept-encoding, accept',
21 verbose headers   'set-cookie':
21 verbose headers    [ '_cfuvid=5Deam1FB6yHmz_1U.4NGzxIeXwPXB_rSWcYlZEH.GDE-1736836824803-0.0.1.1-604800000; path=/; domain=.npmjs.org; HttpOnly; Secure; SameSite=None' ],
21 verbose headers   server: 'cloudflare',
21 verbose headers   'content-encoding': 'gzip' }
22 silly get cb [ 200,
22 silly get   { date: 'Tue, 14 Jan 2025 06:40:24 GMT',
22 silly get     'content-type': 'application/json',
22 silly get     'transfer-encoding': 'chunked',
22 silly get     connection: 'keep-alive',
22 silly get     'cf-ray': '901ba26ade7a8274-IAD',
22 silly get     'cf-cache-status': 'HIT',
22 silly get     'access-control-allow-origin': '*',
22 silly get     age: '298',
22 silly get     'cache-control': 'public, max-age=300',
22 silly get     etag: 'W/"d3f9cc19693cd27e7b75083605d33006"',
22 silly get     'last-modified': 'Fri, 10 Jan 2025 17:24:06 GMT',
22 silly get     vary: 'accept-encoding, accept',
22 silly get     'set-cookie':
22 silly get      [ '_cfuvid=5Deam1FB6yHmz_1U.4NGzxIeXwPXB_rSWcYlZEH.GDE-1736836824803-0.0.1.1-604800000; path=/; domain=.npmjs.org; HttpOnly; Secure; SameSite=None' ],
22 silly get     server: 'cloudflare',
22 silly get     'content-encoding': 'gzip' } ]
23 verbose get saving @babel/node to /root/.npm/registry.npmjs.org/_40babel_252fnode/.cache.json
24 silly install normalizeTree
25 silly loadCurrentTree Finishing
26 silly loadIdealTree Starting
27 silly install loadIdealTree
28 silly cloneCurrentTree Starting
29 silly install cloneCurrentTreeToIdealTree
30 silly cloneCurrentTree Finishing
31 silly loadShrinkwrap Starting
32 silly install loadShrinkwrap
33 silly loadShrinkwrap Finishing
34 silly loadAllDepsIntoIdealTree Starting
35 silly install loadAllDepsIntoIdealTree
36 verbose stack Error: Missing required argument #1
36 verbose stack     at andLogAndFinish (/usr/share/npm/lib/fetch-package-metadata.js:31:3)
36 verbose stack     at fetchPackageMetadata (/usr/share/npm/lib/fetch-package-metadata.js:51:22)
36 verbose stack     at resolveWithNewModule (/usr/share/npm/lib/install/deps.js:456:12)
36 verbose stack     at /usr/share/npm/lib/install/deps.js:190:5
36 verbose stack     at /usr/share/npm/node_modules/slide/lib/async-map.js:52:35
36 verbose stack     at Array.forEach (<anonymous>)
36 verbose stack     at /usr/share/npm/node_modules/slide/lib/async-map.js:52:11
36 verbose stack     at Array.forEach (<anonymous>)
36 verbose stack     at asyncMap (/usr/share/npm/node_modules/slide/lib/async-map.js:51:8)
36 verbose stack     at exports.loadRequestedDeps (/usr/share/npm/lib/install/deps.js:188:3)
37 verbose cwd /alx-backend/0x03-queuing_system_in_js
38 error Linux 5.3.0-1032-aws
39 error argv "/usr/bin/node" "/usr/bin/npm" "install" "-g" "@babel/node"
40 error node v8.10.0
41 error npm  v3.5.2
42 error code EMISSINGARG
43 error typeerror Error: Missing required argument #1
43 error typeerror     at andLogAndFinish (/usr/share/npm/lib/fetch-package-metadata.js:31:3)
43 error typeerror     at fetchPackageMetadata (/usr/share/npm/lib/fetch-package-metadata.js:51:22)
43 error typeerror     at resolveWithNewModule (/usr/share/npm/lib/install/deps.js:456:12)
43 error typeerror     at /usr/share/npm/lib/install/deps.js:190:5
43 error typeerror     at /usr/share/npm/node_modules/slide/lib/async-map.js:52:35
43 error typeerror     at Array.forEach (<anonymous>)
43 error typeerror     at /usr/share/npm/node_modules/slide/lib/async-map.js:52:11
43 error typeerror     at Array.forEach (<anonymous>)
43 error typeerror     at asyncMap (/usr/share/npm/node_modules/slide/lib/async-map.js:51:8)
43 error typeerror     at exports.loadRequestedDeps (/usr/share/npm/lib/install/deps.js:188:3)
44 error typeerror This is an error with npm itself. Please report this error at:
44 error typeerror     <http://github.com/npm/npm/issues>
45 verbose exit [ 1, true ]
